<?xml version="1.0" encoding="UTF-8"?>
<!-- Generated by org.testng.reporters.JUnitXMLReporter -->
<testsuite ignored="0" hostname="Sujata" failures="0" tests="3" name="Test2" time="0.025" errors="0" timestamp="2022-08-08T17:26:16 IST">
  <testcase classname="ReadingWritingFiles.DatafromExceltoDataprovider" name="login" time="0.002"/>
  <testcase classname="ReadingWritingFiles.DatafromExceltoDataprovider" name="login" time="0.001"/>
  <testcase classname="ReadingWritingFiles.DatafromExceltoDataprovider" name="login" time="0.001"/>
</testsuite> <!-- Test2 -->
